Using pre-set license
Built from '2021.1/staging' branch; Version is '2021.1.7f1 (d91830b65d9b) revision 14227504'; Using compiler version '192528614'; Build Type 'Release'
OS: 'Windows 10 Home Single Language; OS build 19042.1165; Version 2009; 64bit' Language: 'ru' Physical Memory: 16229 MB
BatchMode: 1, IsHumanControllingUs: 0, StartBugReporterOnCrash: 0, Is64bit: 1, IsPro: 0

 COMMAND LINE ARGUMENTS:
D:\Unity\2021.1.7f1\Editor\Unity.exe
-adb2
-batchMode
-noUpm
-name
AssetImportWorker0
-projectPath
C:/Users/kychi/Desktop/Unity Game/GameJam/ShowMan
-logFile
Logs/AssetImportWorker0.log
-srvPort
50879
Successfully changed project path to: C:/Users/kychi/Desktop/Unity Game/GameJam/ShowMan
C:/Users/kychi/Desktop/Unity Game/GameJam/ShowMan
Using Asset Import Pipeline V2.
Refreshing native plugins compatible for Editor in 71.96 ms, found 1 plugins.
Preloading 0 native plugins for Editor in 0.00 ms.
Initialize engine version: 2021.1.7f1 (d91830b65d9b)
[Subsystems] Discovering subsystems at path D:/Unity/2021.1.7f1/Editor/Data/Resources/UnitySubsystems
[Subsystems] Discovering subsystems at path C:/Users/kychi/Desktop/Unity Game/GameJam/ShowMan/Assets
GfxDevice: creating device client; threaded=0; jobified=0
Direct3D:
    Version:  Direct3D 11.0 [level 11.1]
    Renderer: NVIDIA GeForce RTX 2060 (ID=0x1f11)
    Vendor:   NVIDIA
    VRAM:     5980 MB
    Driver:   27.21.14.6172
Initialize mono
Mono path[0] = 'D:/Unity/2021.1.7f1/Editor/Data/Managed'
Mono path[1] = 'D:/Unity/2021.1.7f1/Editor/Data/MonoBleedingEdge/lib/mono/unityjit'
Mono config path = 'D:/Unity/2021.1.7f1/Editor/Data/MonoBleedingEdge/etc'
Using monoOptions --debugger-agent=transport=dt_socket,embedding=1,server=y,suspend=n,address=127.0.0.1:56696
Begin MonoManager ReloadAssembly
Registering precompiled unity dll's ...
Register platform support module: D:/Unity/2021.1.7f1/Editor/Data/PlaybackEngines/WindowsStandaloneSupport/UnityEditor.WindowsStandalone.Extensions.dll
Registered in 0.000785 seconds.
Native extension for WindowsStandalone target not found
Refreshing native plugins compatible for Editor in 75.78 ms, found 1 plugins.
Preloading 0 native plugins for Editor in 0.00 ms.
Mono: successfully reloaded assembly
- Completed reload, in  0.855 seconds
Platform modules already initialized, skipping
Registering precompiled user dll's ...
Registered in 0.002235 seconds.
Begin MonoManager ReloadAssembly
Symbol file LoadedFromMemory doesn't match image C:\Users\kychi\Desktop\Unity Game\GameJam\ShowMan\Library\PackageCache\com.unity.visualscripting@1.6.1\Editor\VisualScripting.Core\Dependencies\YamlDotNet\Unity.VisualScripting.YamlDotNet.dll
Symbol file LoadedFromMemory doesn't match image C:\Users\kychi\Desktop\Unity Game\GameJam\ShowMan\Library\PackageCache\com.unity.visualscripting@1.6.1\Editor\VisualScripting.Core\Dependencies\DotNetZip\Unity.VisualScripting.IonicZip.dll
Native extension for WindowsStandalone target not found
Refreshing native plugins compatible for Editor in 0.48 ms, found 1 plugins.
Preloading 0 native plugins for Editor in 0.00 ms.
Mono: successfully reloaded assembly
- Completed reload, in  0.833 seconds
Platform modules already initialized, skipping
========================================================================
Worker process is ready to serve import requests
Launched and connected shader compiler UnityShaderCompiler.exe after 0.10 seconds
Refreshing native plugins compatible for Editor in 0.49 ms, found 1 plugins.
Preloading 0 native plugins for Editor in 0.00 ms.
Unloading 2682 Unused Serialized files (Serialized files now loaded: 0)
System memory in use before: 116.5 MB.
System memory in use after: 116.6 MB.

Unloading 14 unused Assets to reduce memory usage. Loaded Objects now: 3165.
Total: 1.995000 ms (FindLiveObjects: 0.217800 ms CreateObjectMapping: 0.119300 ms MarkObjects: 1.557000 ms  DeleteObjects: 0.100100 ms)

========================================================================
Received Import Request.
  path: Assets/Global.prefab
  artifactKey: Guid(c2060f1de3639564e8ed0f45ab2ac364) Importer(815301076,1909f56bfc062723c751e8b465ee728b)
Start importing Assets/Global.prefab using Guid(c2060f1de3639564e8ed0f45ab2ac364) Importer(815301076,1909f56bfc062723c751e8b465ee728b)  -> (artifact id: '2682bc4a4ac312adce759ef0ac546ea8') in 0.047843 seconds 
========================================================================
Received Import Request.
  Time since last request: 0.000263 seconds.
  path: Assets/Canvas.prefab
  artifactKey: Guid(9cd79c4f709f9e74e94886cbaa27f272) Importer(815301076,1909f56bfc062723c751e8b465ee728b)
Start importing Assets/Canvas.prefab using Guid(9cd79c4f709f9e74e94886cbaa27f272) Importer(815301076,1909f56bfc062723c751e8b465ee728b)  -> (artifact id: 'a6250b8f63090da7d7ef9d354ea4ee93') in 0.027800 seconds 
========================================================================
Received Import Request.
  Time since last request: 0.000192 seconds.
  path: Assets/item.png
  artifactKey: Guid(d341b5eaf7f3b7f4cbf41a253704fe8b) Importer(815301076,1909f56bfc062723c751e8b465ee728b)
Start importing Assets/item.png using Guid(d341b5eaf7f3b7f4cbf41a253704fe8b) Importer(815301076,1909f56bfc062723c751e8b465ee728b)  -> (artifact id: 'acd1e6e7232d539a03083b1ce1800064') in 0.107876 seconds 
========================================================================
Received Import Request.
  Time since last request: 26.266580 seconds.
  path: Assets/Scripts/MouseLook.cs
  artifactKey: Guid(e905a7d3efe50784ea895e906d930ab3) Importer(815301076,1909f56bfc062723c751e8b465ee728b)
Start importing Assets/Scripts/MouseLook.cs using Guid(e905a7d3efe50784ea895e906d930ab3) Importer(815301076,1909f56bfc062723c751e8b465ee728b)  -> (artifact id: '7bf815c7154a9acb08a8d257ec7c7128') in 0.018503 seconds 
========================================================================
Received Import Request.
  Time since last request: 0.942137 seconds.
  path: Assets/Scripts/ItemButton.cs
  artifactKey: Guid(27fc7d38558243247ac781914b187242) Importer(815301076,1909f56bfc062723c751e8b465ee728b)
Start importing Assets/Scripts/ItemButton.cs using Guid(27fc7d38558243247ac781914b187242) Importer(815301076,1909f56bfc062723c751e8b465ee728b)  -> (artifact id: '633587a5349bfca29cf8c71f28368e8f') in 0.006832 seconds 
========================================================================
Received Import Request.
  Time since last request: 0.475637 seconds.
  path: Assets/Scripts/Inventory.cs
  artifactKey: Guid(18edeb21c2783a04db4f0fe423832bf7) Importer(815301076,1909f56bfc062723c751e8b465ee728b)
Start importing Assets/Scripts/Inventory.cs using Guid(18edeb21c2783a04db4f0fe423832bf7) Importer(815301076,1909f56bfc062723c751e8b465ee728b)  -> (artifact id: 'c27e68fb0051bbfb100be68b79bde8b7') in 0.006632 seconds 
========================================================================
Received Import Request.
  Time since last request: 46.669055 seconds.
  path: Assets/Scripts/GlobalItemsList.cs
  artifactKey: Guid(80cadb3498f12b14c9ef9119f5a7bcf8) Importer(815301076,1909f56bfc062723c751e8b465ee728b)
Start importing Assets/Scripts/GlobalItemsList.cs using Guid(80cadb3498f12b14c9ef9119f5a7bcf8) Importer(815301076,1909f56bfc062723c751e8b465ee728b)  -> (artifact id: 'dec35cbe1b2b0b01706f5c56ea616179') in 0.006857 seconds 
========================================================================
Received Import Request.
  Time since last request: 10.013126 seconds.
  path: Assets/Scripts/Crafts.cs
  artifactKey: Guid(aa99dfa42adaed544a19a81261899069) Importer(815301076,1909f56bfc062723c751e8b465ee728b)
Start importing Assets/Scripts/Crafts.cs using Guid(aa99dfa42adaed544a19a81261899069) Importer(815301076,1909f56bfc062723c751e8b465ee728b)  -> (artifact id: '7c536f2c3d96ce893e7f7d8883fb334e') in 0.006092 seconds 
========================================================================
Received Import Request.
  Time since last request: 135.165265 seconds.
  path: Assets/Scripts/Crafts.cs
  artifactKey: Guid(aa99dfa42adaed544a19a81261899069) Importer(815301076,1909f56bfc062723c751e8b465ee728b)
Start importing Assets/Scripts/Crafts.cs using Guid(aa99dfa42adaed544a19a81261899069) Importer(815301076,1909f56bfc062723c751e8b465ee728b)  -> (artifact id: '7ff74b38c79837ff49d135d679b85394') in 0.005964 seconds 
========================================================================
Received Import Request.
  Time since last request: 18.433386 seconds.
  path: Assets/Scripts/Crafts.cs
  artifactKey: Guid(aa99dfa42adaed544a19a81261899069) Importer(815301076,1909f56bfc062723c751e8b465ee728b)
Start importing Assets/Scripts/Crafts.cs using Guid(aa99dfa42adaed544a19a81261899069) Importer(815301076,1909f56bfc062723c751e8b465ee728b)  -> (artifact id: '7cecd971d37fb6abcdac06bf695f0c5d') in 0.002057 seconds 
========================================================================
Received Import Request.
  Time since last request: 20.403441 seconds.
  path: Assets/Scripts/Crafts.cs
  artifactKey: Guid(aa99dfa42adaed544a19a81261899069) Importer(815301076,1909f56bfc062723c751e8b465ee728b)
Start importing Assets/Scripts/Crafts.cs using Guid(aa99dfa42adaed544a19a81261899069) Importer(815301076,1909f56bfc062723c751e8b465ee728b)  -> (artifact id: '3fed6e0cf7c61637c9fe8caf634465c5') in 0.002230 seconds 
========================================================================
Received Import Request.
  Time since last request: 12.797980 seconds.
  path: Assets/Scripts/Crafts.cs
  artifactKey: Guid(aa99dfa42adaed544a19a81261899069) Importer(815301076,1909f56bfc062723c751e8b465ee728b)
Start importing Assets/Scripts/Crafts.cs using Guid(aa99dfa42adaed544a19a81261899069) Importer(815301076,1909f56bfc062723c751e8b465ee728b)  -> (artifact id: '0424cbe8f17ae51bc4b6965a1ee06b94') in 0.002287 seconds 
========================================================================
Received Import Request.
  Time since last request: 8.919162 seconds.
  path: Assets/Scripts/Crafts.cs
  artifactKey: Guid(aa99dfa42adaed544a19a81261899069) Importer(815301076,1909f56bfc062723c751e8b465ee728b)
Start importing Assets/Scripts/Crafts.cs using Guid(aa99dfa42adaed544a19a81261899069) Importer(815301076,1909f56bfc062723c751e8b465ee728b)  -> (artifact id: '6648d05eca8c69c1bd407659c6c894f2') in 0.003445 seconds 
AssetImportWorkerClient::OnTransportError - code=2 error=End of file
